Log started at 09/05/2023 12:04:37 (2023-05-09T11:04:37Z)
No config file at C:\Users\omar1\OneDrive\Documents\Unreal Engine\UnrealBuildTool\BuildConfiguration.xml
Configuration will be read from:
  C:\Users\omar1\AppData\Roaming\Unreal Engine\UnrealBuildTool\BuildConfiguration.xml
Log file: C:\Users\omar1\OneDrive\Desktop\Azure Projects\MagnetMechanicsTPREPO\MagnetMechanicsTP\Saved\Logs\UnrealVersionSelector-2023.05.09-12.04.37.log

Note: Android toolchain NDK r21b recommended
Found Windows 10 SDK root at C:\Program Files (x86)\Windows Kits\10 (1)
Found Windows 10 SDK root at C:\Program Files (x86)\Windows Kits\10 (2)
Found Windows 10 SDK version 10.0.22621.0 at C:\Program Files (x86)\Windows Kits\10
Found Universal CRT version 10.0.22621.0 at C:\Program Files (x86)\Windows Kits\10
Win64 using Manual SDK 10.0.22621.0
Log file: C:\Users\omar1\AppData\Local\UnrealBuildTool\Log_GPF.txt

---   SDK INFO START   ---

Some Platforms were skipped due to invalid SDK setup: IOS, Android, Linux, LinuxArm64.
See the log file for detailed information

---   SDK INFO END   ---

Discovering modules, targets and source code for project...
Found Visual Studio installation: C:\Program Files\Microsoft Visual Studio\2022\Community (Product=Microsoft.VisualStudio.Product.Community, Version=17.0.31912.275)
Found Visual Studio installation: C:\Program Files (x86)\Microsoft Visual Studio\2019\Professional (Product=Microsoft.VisualStudio.Product.Professional, Version=16.11.32929.386)
WARNING: Visual Studio C++ 2022 installation not found - ignoring preferred project file format.
Found Visual Studio toolchain: C:\Program Files (x86)\Microsoft Visual Studio\2019\Professional\VC\Tools\MSVC\14.29.30133 (Family=14.29.30133, FamilyRank=0, Version=14.29.30146, Is64Bit=True, Preview=False, Architecture=x64, Error=False, Redist=C:\Program Files (x86)\Microsoft Visual Studio\2019\Professional\VC\Redist\MSVC\14.29.30133)
Skipping C:\Program Files\Epic Games\UE_5.0\Engine\Intermediate\Build\BuildRules\UE5Rules.dll: File is installed
Skipping C:\Program Files\Epic Games\UE_5.0\Engine\Intermediate\Build\BuildRules\UE5ProgramRules.dll: File is installed
ERROR: Visual Studio 2022 x64 must be installed in order to build this target.
BuildException: Visual Studio 2022 x64 must be installed in order to build this target.
   at UnrealBuildTool.VCEnvironmentParameters..ctor(WindowsCompiler Compiler, UnrealTargetPlatform Platform, WindowsArchitecture Architecture, String CompilerVersion, String WindowsSdkVersion, String SuppliedSdkDirectoryForVersion) in d:\build\++UE5\Sync\Engine\Source\Programs\UnrealBuildTool\Platform\Windows\VCEnvironment.cs:line 470
   at UnrealBuildTool.VCEnvironment.Create(WindowsCompiler Compiler, UnrealTargetPlatform Platform, WindowsArchitecture Architecture, String CompilerVersion, String WindowsSdkVersion, String SuppliedSdkDirectoryForVersion) in d:\build\++UE5\Sync\Engine\Source\Programs\UnrealBuildTool\Platform\Windows\VCEnvironment.cs:line 393
   at UnrealBuildTool.WindowsPlatform.CreateVCEnvironment(TargetRules Target) in d:\build\++UE5\Sync\Engine\Source\Programs\UnrealBuildTool\Platform\Windows\UEBuildWindows.cs:line 931
   at UnrealBuildTool.WindowsPlatform.ValidateTarget(TargetRules Target) in d:\build\++UE5\Sync\Engine\Source\Programs\UnrealBuildTool\Platform\Windows\UEBuildWindows.cs:line 1026
   at UnrealBuildTool.RulesAssembly.CreateTargetRulesInstance(String TypeName, TargetInfo TargetInfo) in d:\build\++UE5\Sync\Engine\Source\Programs\UnrealBuildTool\System\RulesAssembly.cs:line 668
   at UnrealBuildTool.RulesAssembly.CreateTargetRules(String TargetName, UnrealTargetPlatform Platform, UnrealTargetConfiguration Configuration, String Architecture, FileReference ProjectFile, CommandLineArguments Arguments) in d:\build\++UE5\Sync\Engine\Source\Programs\UnrealBuildTool\System\RulesAssembly.cs:line 723
   at UnrealBuildTool.ProjectFileGenerator.AddProjectsForAllTargets(PlatformProjectGeneratorCollection PlatformProjectGenerators, List`1 AllGames, List`1 AllTargetFiles, String[] Arguments, ProjectFile& EngineProject, List`1& GameProjects, Dictionary`2& ProgramProjects, Dictionary`2& RulesAssemblies) in d:\build\++UE5\Sync\Engine\Source\Programs\UnrealBuildTool\ProjectFiles\ProjectFileGenerator.cs:line 2390
   at UnrealBuildTool.ProjectFileGenerator.GenerateProjectFiles(PlatformProjectGeneratorCollection PlatformProjectGenerators, String[] Arguments) in d:\build\++UE5\Sync\Engine\Source\Programs\UnrealBuildTool\ProjectFiles\ProjectFileGenerator.cs:line 891
   at UnrealBuildTool.GenerateProjectFilesMode.Execute(CommandLineArguments Arguments) in d:\build\++UE5\Sync\Engine\Source\Programs\UnrealBuildTool\Modes\GenerateProjectFilesMode.cs:line 234
   at UnrealBuildTool.UnrealBuildTool.Main(String[] ArgumentsArray) in d:\build\++UE5\Sync\Engine\Source\Programs\UnrealBuildTool\UnrealBuildTool.cs:line 612
WriteFileIfChanged() wrote 0 changed files of 0 requested writes.
Timeline:

[ 0.000]
[ 0.000](+0.770) <unknown>
[ 0.770]
